# JRE version: Java(TM) SE Runtime Environment (8.0_45-b14) (build 1.8.0_45-b14)
# Java VM: Java HotSpot(TM) 64-Bit Server VM (25.45-b02 mixed mode bsd-amd64 compressed oops)
Heap:
 PSYoungGen      total 285184K, used 107834K [0x00000007aab00000, 0x00000007bfa80000, 0x00000007c0000000)
  eden space 235520K, 34% used [0x00000007aab00000,0x00000007af9edc10,0x00000007b9100000)
  from space 49664K, 54% used [0x00000007b9100000,0x00000007bab60fa0,0x00000007bc180000)
  to   space 47616K, 0% used [0x00000007bcc00000,0x00000007bcc00000,0x00000007bfa80000)
 ParOldGen       total 305664K, used 152083K [0x0000000780000000, 0x0000000792a80000, 0x00000007aab00000)
  object space 305664K, 49% used [0x0000000780000000,0x0000000789484fd0,0x0000000792a80000)
 Metaspace       used 111633K, capacity 120629K, committed 174208K, reserved 1191936K
  class space    used 15160K, capacity 17922K, committed 30848K, reserved 1048576K
GC Heap History (10 events):
Event: 10112.018 GC heap before
{Heap before GC invocations=85 (full 19):
 PSYoungGen      total 252416K, used 227840K [0x00000007aab00000, 0x00000007beb00000, 0x00000007c0000000)
  eden space 227840K, 100% used [0x00000007aab00000,0x00000007b8980000,0x00000007b8980000)
  from space 24576K, 0% used [0x00000007b8980000,0x00000007b8980000,0x00000007ba180000)
  to   space 49664K, 0% used [0x00000007bba80000,0x00000007bba80000,0x00000007beb00000)
 ParOldGen       total 305664K, used 116071K [0x0000000780000000, 0x0000000792a80000, 0x00000007aab00000)
  object space 305664K, 37% used [0x0000000780000000,0x0000000787159c18,0x0000000792a80000)
 Metaspace       used 96588K, capacity 103415K, committed 174208K, reserved 1191936K
  class space    used 12912K, capacity 14931K, committed 30848K, reserved 1048576K
Event: 10112.073 GC heap after
Heap after GC invocations=85 (full 19):
 PSYoungGen      total 280064K, used 26213K [0x00000007aab00000, 0x00000007bef80000, 0x00000007c0000000)
  eden space 230400K, 0% used [0x00000007aab00000,0x00000007aab00000,0x00000007b8c00000)
  from space 49664K, 52% used [0x00000007bba80000,0x00000007bd419490,0x00000007beb00000)
  to   space 47616K, 0% used [0x00000007b8c00000,0x00000007b8c00000,0x00000007bba80000)
 ParOldGen       total 305664K, used 116079K [0x0000000780000000, 0x0000000792a80000, 0x00000007aab00000)
  object space 305664K, 37% used [0x0000000780000000,0x000000078715bc18,0x0000000792a80000)
 Metaspace       used 96588K, capacity 103415K, committed 174208K, reserved 1191936K
  class space    used 12912K, capacity 14931K, committed 30848K, reserved 1048576K
}
Event: 10285.802 GC heap before
{Heap before GC invocations=86 (full 19):
 PSYoungGen      total 280064K, used 256613K [0x00000007aab00000, 0x00000007bef80000, 0x00000007c0000000)
  eden space 230400K, 100% used [0x00000007aab00000,0x00000007b8c00000,0x00000007b8c00000)
  from space 49664K, 52% used [0x00000007bba80000,0x00000007bd419490,0x00000007beb00000)
  to   space 47616K, 0% used [0x00000007b8c00000,0x00000007b8c00000,0x00000007bba80000)
 ParOldGen       total 305664K, used 116079K [0x0000000780000000, 0x0000000792a80000, 0x00000007aab00000)
  object space 305664K, 37% used [0x0000000780000000,0x000000078715bc18,0x0000000792a80000)
 Metaspace       used 100122K, capacity 107647K, committed 174208K, reserved 1191936K
  class space    used 13410K, capacity 15702K, committed 30848K, reserved 1048576K
Event: 10285.889 GC heap after
Heap after GC invocations=86 (full 19):
 PSYoungGen      total 278016K, used 30478K [0x00000007aab00000, 0x00000007bef80000, 0x00000007c0000000)
  eden space 230400K, 0% used [0x00000007aab00000,0x00000007aab00000,0x00000007b8c00000)
  from space 47616K, 64% used [0x00000007b8c00000,0x00000007ba9c3848,0x00000007bba80000)
  to   space 47104K, 0% used [0x00000007bc180000,0x00000007bc180000,0x00000007bef80000)
 ParOldGen       total 305664K, used 116087K [0x0000000780000000, 0x0000000792a80000, 0x00000007aab00000)
  object space 305664K, 37% used [0x0000000780000000,0x000000078715dc18,0x0000000792a80000)
 Metaspace       used 100122K, capacity 107647K, committed 174208K, reserved 1191936K
  class space    used 13410K, capacity 15702K, committed 30848K, reserved 1048576K
}
Event: 10287.549 GC heap before
{Heap before GC invocations=87 (full 19):
 PSYoungGen      total 278016K, used 140015K [0x00000007aab00000, 0x00000007bef80000, 0x00000007c0000000)
  eden space 230400K, 47% used [0x00000007aab00000,0x00000007b15f86b8,0x00000007b8c00000)
  from space 47616K, 64% used [0x00000007b8c00000,0x00000007ba9c3848,0x00000007bba80000)
  to   space 47104K, 0% used [0x00000007bc180000,0x00000007bc180000,0x00000007bef80000)
 ParOldGen       total 305664K, used 116087K [0x0000000780000000, 0x0000000792a80000, 0x00000007aab00000)
  object space 305664K, 37% used [0x0000000780000000,0x000000078715dc18,0x0000000792a80000)
 Metaspace       used 103409K, capacity 111350K, committed 174208K, reserved 1191936K
  class space    used 13971K, capacity 16344K, committed 30848K, reserved 1048576K
Event: 10287.641 GC heap after
Heap after GC invocations=87 (full 19):
 PSYoungGen      total 282624K, used 39277K [0x00000007aab00000, 0x00000007bf480000, 0x00000007c0000000)
  eden space 235520K, 0% used [0x00000007aab00000,0x00000007aab00000,0x00000007b9100000)
  from space 47104K, 83% used [0x00000007bc180000,0x00000007be7db638,0x00000007bef80000)
  to   space 49664K, 0% used [0x00000007b9100000,0x00000007b9100000,0x00000007bc180000)
 ParOldGen       total 305664K, used 116095K [0x0000000780000000, 0x0000000792a80000, 0x00000007aab00000)
  object space 305664K, 37% used [0x0000000780000000,0x000000078715fc18,0x0000000792a80000)
 Metaspace       used 103409K, capacity 111350K, committed 174208K, reserved 1191936K
  class space    used 13971K, capacity 16344K, committed 30848K, reserved 1048576K
}
Event: 10287.641 GC heap before
{Heap before GC invocations=88 (full 20):
 PSYoungGen      total 282624K, used 39277K [0x00000007aab00000, 0x00000007bf480000, 0x00000007c0000000)
  eden space 235520K, 0% used [0x00000007aab00000,0x00000007aab00000,0x00000007b9100000)
  from space 47104K, 83% used [0x00000007bc180000,0x00000007be7db638,0x00000007bef80000)
  to   space 49664K, 0% used [0x00000007b9100000,0x00000007b9100000,0x00000007bc180000)
 ParOldGen       total 305664K, used 116095K [0x0000000780000000, 0x0000000792a80000, 0x00000007aab00000)
  object space 305664K, 37% used [0x0000000780000000,0x000000078715fc18,0x0000000792a80000)
 Metaspace       used 103409K, capacity 111350K, committed 174208K, reserved 1191936K
  class space    used 13971K, capacity 16344K, committed 30848K, reserved 1048576K
Event: 10290.760 GC heap after
Heap after GC invocations=88 (full 20):
 PSYoungGen      total 282624K, used 0K [0x00000007aab00000, 0x00000007bf480000, 0x00000007c0000000)
  eden space 235520K, 0% used [0x00000007aab00000,0x00000007aab00000,0x00000007b9100000)
  from space 47104K, 0% used [0x00000007bc180000,0x00000007bc180000,0x00000007bef80000)
  to   space 49664K, 0% used [0x00000007b9100000,0x00000007b9100000,0x00000007bc180000)
 ParOldGen       total 305664K, used 152075K [0x0000000780000000, 0x0000000792a80000, 0x00000007aab00000)
  object space 305664K, 49% used [0x0000000780000000,0x0000000789482fd0,0x0000000792a80000)
 Metaspace       used 103375K, capacity 111236K, committed 174208K, reserved 1191936K
  class space    used 13965K, capacity 16310K, committed 30848K, reserved 1048576K
}
Event: 10313.565 GC heap before
{Heap before GC invocations=89 (full 20):
 PSYoungGen      total 282624K, used 235520K [0x00000007aab00000, 0x00000007bf480000, 0x00000007c0000000)
  eden space 235520K, 100% used [0x00000007aab00000,0x00000007b9100000,0x00000007b9100000)
  from space 47104K, 0% used [0x00000007bc180000,0x00000007bc180000,0x00000007bef80000)
  to   space 49664K, 0% used [0x00000007b9100000,0x00000007b9100000,0x00000007bc180000)
 ParOldGen       total 305664K, used 152075K [0x0000000780000000, 0x0000000792a80000, 0x00000007aab00000)
  object space 305664K, 49% used [0x0000000780000000,0x0000000789482fd0,0x0000000792a80000)
 Metaspace       used 109471K, capacity 118085K, committed 174208K, reserved 1191936K
  class space    used 14881K, capacity 17483K, committed 30848K, reserved 1048576K
Event: 10313.782 GC heap after
Heap after GC invocations=89 (full 20):
 PSYoungGen      total 285184K, used 27011K [0x00000007aab00000, 0x00000007bfa80000, 0x00000007c0000000)
  eden space 235520K, 0% used [0x00000007aab00000,0x00000007aab00000,0x00000007b9100000)
  from space 49664K, 54% used [0x00000007b9100000,0x00000007bab60fa0,0x00000007bc180000)
  to   space 47616K, 0% used [0x00000007bcc00000,0x00000007bcc00000,0x00000007bfa80000)
 ParOldGen       total 305664K, used 152083K [0x0000000780000000, 0x0000000792a80000, 0x00000007aab00000)
  object space 305664K, 49% used [0x0000000780000000,0x0000000789484fd0,0x0000000792a80000)
 Metaspace       used 109471K, capacity 118085K, committed 174208K, reserved 1191936K
  class space    used 14881K, capacity 17483K, committed 30848K, reserved 1048576K
}

